[2020-04-27 12:29:27,205][INFO][main][org.springframework.boot.StartupInfoLogger] Starting RankTask on DESKTOP-SSADTA6 with PID 8316 (started by ZSPLAT in D:\tools\ideaWorkspace\bili_pokeball_backend\pokeball_spider)
[2020-04-27 12:29:27,219][INFO][main][org.springframework.boot.SpringApplication] The following profiles are active: dev
[2020-04-27 12:29:27,253][INFO][main][org.springframework.context.support.AbstractApplicationContext] Refreshing org.springframework.web.context.support.GenericWebApplicationContext@3e7dd664: startup date [Mon Apr 27 12:29:27 CST 2020]; root of context hierarchy
[2020-04-27 12:29:28,626][INFO][main][org.springframework.data.repository.config.RepositoryConfigurationDelegate] Multiple Spring Data modules found, entering strict repository configuration mode!
[2020-04-27 12:29:29,545][INFO][main][org.springframework.context.support.PostProcessorRegistrationDelegate$BeanPostProcessorChecker] Bean 'org.springframework.transaction.annotation.ProxyTransactionManagementConfiguration' of type [org.springframework.transaction.annotation.ProxyTransactionManagementConfiguration$$EnhancerBySpringCGLIB$$a1daff6f] is not eligible for getting processed by all BeanPostProcessors (for example: not eligible for auto-proxying)
[2020-04-27 12:29:29,586][INFO][main][org.springframework.context.support.PostProcessorRegistrationDelegate$BeanPostProcessorChecker] Bean 'com.lark.spider.config.RedisConfiguration$DataJedisProperties' of type [com.lark.spider.config.RedisConfiguration$DataJedisProperties] is not eligible for getting processed by all BeanPostProcessors (for example: not eligible for auto-proxying)
[2020-04-27 12:29:29,587][INFO][main][com.lark.spider.config.RedisConfiguration$DataJedisProperties] Create JedisConnectionFactory successful
[2020-04-27 12:29:29,641][INFO][main][org.springframework.context.support.PostProcessorRegistrationDelegate$BeanPostProcessorChecker] Bean 'jedisConnectionFactory' of type [org.springframework.data.redis.connection.jedis.JedisConnectionFactory] is not eligible for getting processed by all BeanPostProcessors (for example: not eligible for auto-proxying)
[2020-04-27 12:29:29,643][INFO][main][org.springframework.context.support.PostProcessorRegistrationDelegate$BeanPostProcessorChecker] Bean 'redisConfiguration' of type [com.lark.spider.config.RedisConfiguration$$EnhancerBySpringCGLIB$$88c4dc85] is not eligible for getting processed by all BeanPostProcessors (for example: not eligible for auto-proxying)
[2020-04-27 12:29:29,650][INFO][main][com.lark.spider.config.RedisConfiguration] 初始化 -> [CacheManager RedisCacheManager Start]
[2020-04-27 12:29:29,669][INFO][main][org.springframework.context.support.PostProcessorRegistrationDelegate$BeanPostProcessorChecker] Bean 'cacheManager' of type [org.springframework.data.redis.cache.RedisCacheManager] is not eligible for getting processed by all BeanPostProcessors (for example: not eligible for auto-proxying)
[2020-04-27 12:29:29,672][INFO][main][org.springframework.context.support.PostProcessorRegistrationDelegate$BeanPostProcessorChecker] Bean 'keyGenerator' of type [com.lark.spider.config.RedisConfiguration$$Lambda$239/1147943200] is not eligible for getting processed by all BeanPostProcessors (for example: not eligible for auto-proxying)
[2020-04-27 12:29:29,673][INFO][main][com.lark.spider.config.RedisConfiguration] 初始化 -> [Redis CacheErrorHandler]
[2020-04-27 12:29:29,676][INFO][main][org.springframework.context.support.PostProcessorRegistrationDelegate$BeanPostProcessorChecker] Bean 'errorHandler' of type [com.lark.spider.config.RedisConfiguration$1] is not eligible for getting processed by all BeanPostProcessors (for example: not eligible for auto-proxying)
[2020-04-27 12:29:30,265][INFO][main][com.zaxxer.hikari.HikariDataSource] HikariPool-1 - Starting...
[2020-04-27 12:29:30,581][INFO][main][com.zaxxer.hikari.HikariDataSource] HikariPool-1 - Start completed.
[2020-04-27 12:29:31,117][INFO][main][com.lark.spider.config.RedisConfiguration$DataJedisProperties] JedisPool init successful，host -> [127.0.0.1]；port -> [6379]
[2020-04-27 12:29:31,137][INFO][main][org.springframework.scheduling.concurrent.ExecutorConfigurationSupport] Initializing ExecutorService 'taskScheduler'
[2020-04-27 12:29:31,397][INFO][main][org.springframework.web.servlet.handler.AbstractUrlHandlerMapping] Mapped URL path [/**/favicon.ico] onto handler of type [class org.springframework.web.servlet.resource.ResourceHttpRequestHandler]
[2020-04-27 12:29:31,684][INFO][main][org.springframework.web.servlet.mvc.method.annotation.RequestMappingHandlerAdapter] Looking for @ControllerAdvice: org.springframework.web.context.support.GenericWebApplicationContext@3e7dd664: startup date [Mon Apr 27 12:29:27 CST 2020]; root of context hierarchy
[2020-04-27 12:29:31,768][INFO][main][org.springframework.web.servlet.handler.AbstractHandlerMethodMapping$MappingRegistry] Mapped "{[/store1]}" onto public java.lang.String com.lark.spider.test.DownloadTest01.test03()
[2020-04-27 12:29:31,769][INFO][main][org.springframework.web.servlet.handler.AbstractHandlerMethodMapping$MappingRegistry] Mapped "{[/parser1]}" onto public java.lang.String com.lark.spider.test.DownloadTest01.test02()
[2020-04-27 12:29:31,769][INFO][main][org.springframework.web.servlet.handler.AbstractHandlerMethodMapping$MappingRegistry] Mapped "{[/download01]}" onto public java.lang.String com.lark.spider.test.DownloadTest01.test01()
[2020-04-27 12:29:31,770][INFO][main][org.springframework.web.servlet.handler.AbstractHandlerMethodMapping$MappingRegistry] Mapped "{[/thread02]}" onto public java.lang.String com.lark.spider.test.RunThread.test02()
[2020-04-27 12:29:31,770][INFO][main][org.springframework.web.servlet.handler.AbstractHandlerMethodMapping$MappingRegistry] Mapped "{[/thread01]}" onto public java.lang.String com.lark.spider.test.RunThread.test01()
[2020-04-27 12:29:31,771][INFO][main][org.springframework.web.servlet.handler.AbstractHandlerMethodMapping$MappingRegistry] Mapped "{[/test/testGet]}" onto public java.util.Map<java.lang.String, java.lang.Object> com.lark.spider.test.TestController.testGet() throws java.lang.InterruptedException
[2020-04-27 12:29:31,771][INFO][main][org.springframework.web.servlet.handler.AbstractHandlerMethodMapping$MappingRegistry] Mapped "{[/test/testGetSSL]}" onto public java.util.Map<java.lang.String, java.lang.Object> com.lark.spider.test.TestController.testGetSSL() throws java.lang.InterruptedException
[2020-04-27 12:29:31,773][INFO][main][org.springframework.web.servlet.handler.AbstractHandlerMethodMapping$MappingRegistry] Mapped "{[/error]}" onto public org.springframework.http.ResponseEntity<java.util.Map<java.lang.String, java.lang.Object>> org.springframework.boot.autoconfigure.web.servlet.error.BasicErrorController.error(javax.servlet.http.HttpServletRequest)
[2020-04-27 12:29:31,774][INFO][main][org.springframework.web.servlet.handler.AbstractHandlerMethodMapping$MappingRegistry] Mapped "{[/error],produces=[text/html]}" onto public org.springframework.web.servlet.ModelAndView org.springframework.boot.autoconfigure.web.servlet.error.BasicErrorController.errorHtml(javax.servlet.http.HttpServletRequest,javax.servlet.http.HttpServletResponse)
[2020-04-27 12:29:31,816][INFO][main][org.springframework.web.servlet.handler.AbstractUrlHandlerMapping] Mapped URL path [/webjars/**] onto handler of type [class org.springframework.web.servlet.resource.ResourceHttpRequestHandler]
[2020-04-27 12:29:31,816][INFO][main][org.springframework.web.servlet.handler.AbstractUrlHandlerMapping] Mapped URL path [/**] onto handler of type [class org.springframework.web.servlet.resource.ResourceHttpRequestHandler]
[2020-04-27 12:29:32,189][INFO][main][org.springframework.boot.StartupInfoLogger] Started RankTask in 5.435 seconds (JVM running for 7.047)
[2020-04-27 12:29:46,072][INFO][main][com.lark.spider.core.repository.impl.UserRepository] 用户排行榜redis url生成完毕
[2020-04-27 12:29:46,558][INFO][main][com.lark.spider.core.download.impl.DownloadImpl] 排行榜用户爬取完毕
[2020-04-27 12:29:46,564][INFO][main][com.lark.spider.core.parser.impl.UserParserImpl] 排行榜用户解析完成
[2020-04-27 12:29:46,716][INFO][Thread-2][org.springframework.context.support.AbstractApplicationContext] Closing org.springframework.web.context.support.GenericWebApplicationContext@3e7dd664: startup date [Mon Apr 27 12:29:27 CST 2020]; root of context hierarchy
[2020-04-27 12:29:46,720][INFO][Thread-2][org.springframework.scheduling.concurrent.ExecutorConfigurationSupport] Shutting down ExecutorService 'taskScheduler'
[2020-04-27 12:29:46,721][INFO][Thread-2][com.zaxxer.hikari.HikariDataSource] HikariPool-1 - Shutdown initiated...
[2020-04-27 12:29:46,727][INFO][Thread-2][com.zaxxer.hikari.HikariDataSource] HikariPool-1 - Shutdown completed.
